# JRE version: OpenJDK Runtime Environment (21.0.3) (build 21.0.3+-12282718-b509.11)
# Java VM: OpenJDK 64-Bit Server VM (21.0.3+-12282718-b509.11, mixed mode, tiered, compressed oops, compressed class ptrs, g1 gc, windows-amd64)
GC Precious Log:
 CardTable entry size: 512
 Card Set container configuration: InlinePtr #cards 5 size 8 Array Of Cards #cards 12 size 40 Howl #buckets 4 coarsen threshold 1843 Howl Bitmap #cards 512 size 80 coarsen threshold 460 Card regions per heap region 1 cards per card region 2048
 CPUs: 16 total, 16 available
 Memory: 16320M
 Large Page Support: Disabled
 NUMA Support: Disabled
 Compressed Oops: Enabled (32-bit)
 Heap Region Size: 1M
 Heap Min Capacity: 8M
 Heap Initial Capacity: 256M
 Heap Max Capacity: 2G
 Pre-touch: Disabled
 Parallel Workers: 13
 Concurrent Workers: 3
 Concurrent Refinement Workers: 13
 Periodic GC: Disabled
Heap:
 garbage-first heap   total 316416K, used 192180K [0x0000000080000000, 0x0000000100000000)
  region size 1024K, 9 young (9216K), 9 survivors (9216K)
 Metaspace       used 64693K, committed 66112K, reserved 1114112K
  class space    used 8752K, committed 9472K, reserved 1048576K
GC Heap History (20 events):
Event: 14.673 GC heap after
{Heap after GC invocations=35 (full 0):
 garbage-first heap   total 193536K, used 87117K [0x0000000080000000, 0x0000000100000000)
  region size 1024K, 7 young (7168K), 7 survivors (7168K)
 Metaspace       used 63667K, committed 65152K, reserved 1114112K
  class space    used 8688K, committed 9408K, reserved 1048576K
}
Event: 14.916 GC heap before
{Heap before GC invocations=36 (full 0):
 garbage-first heap   total 193536K, used 175181K [0x0000000080000000, 0x0000000100000000)
  region size 1024K, 93 young (95232K), 7 survivors (7168K)
 Metaspace       used 63667K, committed 65152K, reserved 1114112K
  class space    used 8688K, committed 9408K, reserved 1048576K
}
Event: 14.922 GC heap after
{Heap after GC invocations=37 (full 0):
 garbage-first heap   total 193536K, used 88053K [0x0000000080000000, 0x0000000100000000)
  region size 1024K, 8 young (8192K), 8 survivors (8192K)
 Metaspace       used 63667K, committed 65152K, reserved 1114112K
  class space    used 8688K, committed 9408K, reserved 1048576K
}
Event: 15.125 GC heap before
{Heap before GC invocations=37 (full 0):
 garbage-first heap   total 193536K, used 174069K [0x0000000080000000, 0x0000000100000000)
  region size 1024K, 92 young (94208K), 8 survivors (8192K)
 Metaspace       used 63667K, committed 65152K, reserved 1114112K
  class space    used 8688K, committed 9408K, reserved 1048576K
}
Event: 15.133 GC heap after
{Heap after GC invocations=38 (full 0):
 garbage-first heap   total 193536K, used 88149K [0x0000000080000000, 0x0000000100000000)
  region size 1024K, 8 young (8192K), 8 survivors (8192K)
 Metaspace       used 63667K, committed 65152K, reserved 1114112K
  class space    used 8688K, committed 9408K, reserved 1048576K
}
Event: 16.178 GC heap before
{Heap before GC invocations=38 (full 0):
 garbage-first heap   total 193536K, used 128085K [0x0000000080000000, 0x0000000100000000)
  region size 1024K, 48 young (49152K), 8 survivors (8192K)
 Metaspace       used 63760K, committed 65216K, reserved 1114112K
  class space    used 8700K, committed 9408K, reserved 1048576K
}
Event: 16.180 GC heap after
{Heap after GC invocations=39 (full 0):
 garbage-first heap   total 234496K, used 80124K [0x0000000080000000, 0x0000000100000000)
  region size 1024K, 2 young (2048K), 2 survivors (2048K)
 Metaspace       used 63760K, committed 65216K, reserved 1114112K
  class space    used 8700K, committed 9408K, reserved 1048576K
}
Event: 16.913 GC heap before
{Heap before GC invocations=40 (full 0):
 garbage-first heap   total 234496K, used 220412K [0x0000000080000000, 0x0000000100000000)
  region size 1024K, 137 young (140288K), 2 survivors (2048K)
 Metaspace       used 64350K, committed 65856K, reserved 1114112K
  class space    used 8747K, committed 9472K, reserved 1048576K
}
Event: 16.917 GC heap after
{Heap after GC invocations=41 (full 0):
 garbage-first heap   total 234496K, used 85301K [0x0000000080000000, 0x0000000100000000)
  region size 1024K, 5 young (5120K), 5 survivors (5120K)
 Metaspace       used 64350K, committed 65856K, reserved 1114112K
  class space    used 8747K, committed 9472K, reserved 1048576K
}
Event: 17.201 GC heap before
{Heap before GC invocations=41 (full 0):
 garbage-first heap   total 234496K, used 221493K [0x0000000080000000, 0x0000000100000000)
  region size 1024K, 133 young (136192K), 5 survivors (5120K)
 Metaspace       used 64414K, committed 65920K, reserved 1114112K
  class space    used 8752K, committed 9472K, reserved 1048576K
}
Event: 17.207 GC heap after
{Heap after GC invocations=42 (full 0):
 garbage-first heap   total 238592K, used 96742K [0x0000000080000000, 0x0000000100000000)
  region size 1024K, 13 young (13312K), 13 survivors (13312K)
 Metaspace       used 64414K, committed 65920K, reserved 1114112K
  class space    used 8752K, committed 9472K, reserved 1048576K
}
Event: 17.412 GC heap before
{Heap before GC invocations=42 (full 0):
 garbage-first heap   total 238592K, used 210406K [0x0000000080000000, 0x0000000100000000)
  region size 1024K, 124 young (126976K), 13 survivors (13312K)
 Metaspace       used 64420K, committed 65920K, reserved 1114112K
  class space    used 8752K, committed 9472K, reserved 1048576K
}
Event: 17.417 GC heap after
{Heap after GC invocations=43 (full 0):
 garbage-first heap   total 238592K, used 102395K [0x0000000080000000, 0x0000000100000000)
  region size 1024K, 14 young (14336K), 14 survivors (14336K)
 Metaspace       used 64420K, committed 65920K, reserved 1114112K
  class space    used 8752K, committed 9472K, reserved 1048576K
}
Event: 17.603 GC heap before
{Heap before GC invocations=44 (full 0):
 garbage-first heap   total 238592K, used 209915K [0x0000000080000000, 0x0000000100000000)
  region size 1024K, 119 young (121856K), 14 survivors (14336K)
 Metaspace       used 64420K, committed 65920K, reserved 1114112K
  class space    used 8752K, committed 9472K, reserved 1048576K
}
Event: 17.610 GC heap after
{Heap after GC invocations=45 (full 0):
 garbage-first heap   total 238592K, used 104648K [0x0000000080000000, 0x0000000100000000)
  region size 1024K, 15 young (15360K), 15 survivors (15360K)
 Metaspace       used 64420K, committed 65920K, reserved 1114112K
  class space    used 8752K, committed 9472K, reserved 1048576K
}
Event: 17.943 GC heap before
{Heap before GC invocations=45 (full 0):
 garbage-first heap   total 238592K, used 214216K [0x0000000080000000, 0x0000000100000000)
  region size 1024K, 117 young (119808K), 15 survivors (15360K)
 Metaspace       used 64543K, committed 65984K, reserved 1114112K
  class space    used 8752K, committed 9472K, reserved 1048576K
}
Event: 17.978 GC heap after
{Heap after GC invocations=46 (full 0):
 garbage-first heap   total 293888K, used 170321K [0x0000000080000000, 0x0000000100000000)
  region size 1024K, 15 young (15360K), 15 survivors (15360K)
 Metaspace       used 64543K, committed 65984K, reserved 1114112K
  class space    used 8752K, committed 9472K, reserved 1048576K
}
Event: 18.009 GC heap before
{Heap before GC invocations=46 (full 0):
 garbage-first heap   total 293888K, used 180561K [0x0000000080000000, 0x0000000100000000)
  region size 1024K, 26 young (26624K), 15 survivors (15360K)
 Metaspace       used 64638K, committed 66112K, reserved 1114112K
  class space    used 8752K, committed 9472K, reserved 1048576K
}
Event: 18.021 GC heap after
{Heap after GC invocations=47 (full 0):
 garbage-first heap   total 293888K, used 180060K [0x0000000080000000, 0x0000000100000000)
  region size 1024K, 8 young (8192K), 8 survivors (8192K)
 Metaspace       used 64638K, committed 66112K, reserved 1114112K
  class space    used 8752K, committed 9472K, reserved 1048576K
}
Event: 18.092 GC heap before
{Heap before GC invocations=47 (full 0):
 garbage-first heap   total 293888K, used 247644K [0x0000000080000000, 0x0000000100000000)
  region size 1024K, 73 young (74752K), 8 survivors (8192K)
 Metaspace       used 64693K, committed 66112K, reserved 1114112K
  class space    used 8752K, committed 9472K, reserved 1048576K
}

